<?xml version="1.0" encoding="UTF-8" ?>
<testsuite tests="5" failures="0" name="com.hpis.alarm.config.sharding.AlarmIdCodecTest" time="0.13" errors="0" skipped="0">
  <properties>
[...]
</properties>
  <testcase classname="com.hpis.alarm.config.sharding.AlarmIdCodecTest" name="nextIdCanDecodeDateSliceWorkerSeedAndRowNo" time="0.126"/>
  <testcase classname="com.hpis.alarm.config.sharding.AlarmIdCodecTest" name="nextIdRejectsOutOfRangeValues" time="0.002"/>
  <testcase classname="com.hpis.alarm.config.sharding.AlarmIdCodecTest" name="constructorRejectsInvalidWorkerIdAndSliceCapacity" time="0.002"/>
  <testcase classname="com.hpis.alarm.config.sharding.AlarmIdCodecTest" name="decodeRejectsNullOrNonPositiveIds" time="0"/>
  <testcase classname="com.hpis.alarm.config.sharding.AlarmIdCodecTest" name="idsWithDifferentRowNoAreDifferent" time="0"/>
</testsuite>